<?xml version="1.0" encoding="utf-8"?><testsuites name="pytest tests"><testsuite name="pytest" errors="0" failures="0" skipped="0" tests="7" time="0.744" timestamp="2026-05-26T16:41:14.298219+00:00" hostname="agent-env-5e7cc8d9-3c8b-48b9-876a-c1125867e2c0"><testcase classname="backend.tests.backend_test.TestHealth" name="test_health_returns_200_and_db_connected" time="0.206" /><testcase classname="backend.tests.backend_test.TestStaticData" name="test_services_returns_three" time="0.052" /><testcase classname="backend.tests.backend_test.TestStaticData" name="test_languages_returns_eight" time="0.058" /><testcase classname="backend.tests.backend_test.TestContact" name="test_create_contact_valid_persists" time="0.119" /><testcase classname="backend.tests.backend_test.TestContact" name="test_invalid_email_returns_422" time="0.069" /><testcase classname="backend.tests.backend_test.TestContact" name="test_missing_required_fields_returns_422" time="0.049" /><testcase classname="backend.tests.backend_test.TestContact" name="test_empty_message_returns_422" time="0.048" /></testsuite></testsuites>