<?xml version="1.0" encoding="utf-8"?><testsuites name="pytest tests"><testsuite name="pytest" errors="0" failures="0" skipped="0" tests="17" time="2.161" timestamp="2026-05-26T17:10:34.310649+00:00" hostname="agent-env-5e7cc8d9-3c8b-48b9-876a-c1125867e2c0"><testcase classname="backend.tests.backend_test.TestHealth" name="test_health" time="0.280" /><testcase classname="backend.tests.backend_test.TestStaticData" name="test_languages_returns_nine_with_hindi_first" time="0.058" /><testcase classname="backend.tests.backend_test.TestStaticData" name="test_services_returns_three" time="0.074" /><testcase classname="backend.tests.backend_test.TestContact" name="test_create_contact_valid" time="0.068" /><testcase classname="backend.tests.backend_test.TestContact" name="test_invalid_email_returns_422" time="0.058" /><testcase classname="backend.tests.backend_test.TestContact" name="test_missing_required_returns_422" time="0.059" /><testcase classname="backend.tests.backend_test.TestAdminAuth" name="test_login_wrong_password_401" time="0.069" /><testcase classname="backend.tests.backend_test.TestAdminAuth" name="test_login_correct_password_200" time="0.071" /><testcase classname="backend.tests.backend_test.TestAdminAuth" name="test_me_without_token_401" time="0.064" /><testcase classname="backend.tests.backend_test.TestAdminAuth" name="test_me_bad_token_401" time="0.115" /><testcase classname="backend.tests.backend_test.TestAdminAuth" name="test_me_valid_token_200" time="0.171" /><testcase classname="backend.tests.backend_test.TestAdminContact" name="test_list_without_token_401" time="0.071" /><testcase classname="backend.tests.backend_test.TestAdminContact" name="test_list_with_token_returns_sorted_desc" time="0.309" /><testcase classname="backend.tests.backend_test.TestAdminContact" name="test_delete_without_token_401" time="0.067" /><testcase classname="backend.tests.backend_test.TestAdminContact" name="test_delete_nonexistent_404" time="0.058" /><testcase classname="backend.tests.backend_test.TestAdminContact" name="test_delete_existing_succeeds_and_removes" time="0.182" /><testcase classname="backend.tests.backend_test.TestAdminLogout" name="test_logout_invalidates_token" time="0.293" /></testsuite></testsuites>